# JRE version: OpenJDK Runtime Environment (11.0.12+7) (build 11.0.12+7-b1504.28-7817840)
# Java VM: OpenJDK 64-Bit Server VM (11.0.12+7-b1504.28-7817840, mixed mode, tiered, compressed oops, g1 gc, windows-amd64)
Heap:
 garbage-first heap   total 129024K, used 59978K [0x0000000080000000, 0x0000000100000000)
  region size 1024K, 3 young (3072K), 3 survivors (3072K)
 Metaspace       used 70425K, capacity 72157K, committed 72312K, reserved 1124352K
  class space    used 9173K, capacity 9802K, committed 9932K, reserved 1048576K
GC Heap History (20 events):
Event: 19.319 GC heap before
{Heap before GC invocations=5 (full 0):
 garbage-first heap   total 129024K, used 77367K [0x0000000080000000, 0x0000000100000000)
  region size 1024K, 61 young (62464K), 3 survivors (3072K)
 Metaspace       used 34981K, capacity 35791K, committed 35840K, reserved 1081344K
  class space    used 4539K, capacity 4839K, committed 4864K, reserved 1048576K
}
Event: 19.368 GC heap after
{Heap after GC invocations=6 (full 0):
 garbage-first heap   total 129024K, used 22159K [0x0000000080000000, 0x0000000100000000)
  region size 1024K, 7 young (7168K), 7 survivors (7168K)
 Metaspace       used 34981K, capacity 35791K, committed 35840K, reserved 1081344K
  class space    used 4539K, capacity 4839K, committed 4864K, reserved 1048576K
}
Event: 25.017 GC heap before
{Heap before GC invocations=7 (full 0):
 garbage-first heap   total 129024K, used 84623K [0x0000000080000000, 0x0000000100000000)
  region size 1024K, 66 young (67584K), 7 survivors (7168K)
 Metaspace       used 39925K, capacity 40851K, committed 41088K, reserved 1085440K
  class space    used 5113K, capacity 5434K, committed 5504K, reserved 1048576K
}
Event: 25.036 GC heap after
{Heap after GC invocations=8 (full 0):
 garbage-first heap   total 129024K, used 27526K [0x0000000080000000, 0x0000000100000000)
  region size 1024K, 9 young (9216K), 9 survivors (9216K)
 Metaspace       used 39925K, capacity 40851K, committed 41088K, reserved 1085440K
  class space    used 5113K, capacity 5434K, committed 5504K, reserved 1048576K
}
Event: 28.545 GC heap before
{Heap before GC invocations=8 (full 0):
 garbage-first heap   total 129024K, used 87942K [0x0000000080000000, 0x0000000100000000)
  region size 1024K, 67 young (68608K), 9 survivors (9216K)
 Metaspace       used 44975K, capacity 46161K, committed 46464K, reserved 1089536K
  class space    used 5765K, capacity 6172K, committed 6272K, reserved 1048576K
}
Event: 28.572 GC heap after
{Heap after GC invocations=9 (full 0):
 garbage-first heap   total 129024K, used 30019K [0x0000000080000000, 0x0000000100000000)
  region size 1024K, 4 young (4096K), 4 survivors (4096K)
 Metaspace       used 44975K, capacity 46161K, committed 46464K, reserved 1089536K
  class space    used 5765K, capacity 6172K, committed 6272K, reserved 1048576K
}
Event: 34.382 GC heap before
{Heap before GC invocations=9 (full 0):
 garbage-first heap   total 129024K, used 91459K [0x0000000080000000, 0x0000000100000000)
  region size 1024K, 64 young (65536K), 4 survivors (4096K)
 Metaspace       used 48338K, capacity 49692K, committed 49792K, reserved 1091584K
  class space    used 6196K, capacity 6687K, committed 6784K, reserved 1048576K
}
Event: 34.394 GC heap after
{Heap after GC invocations=10 (full 0):
 garbage-first heap   total 129024K, used 32207K [0x0000000080000000, 0x0000000100000000)
  region size 1024K, 6 young (6144K), 6 survivors (6144K)
 Metaspace       used 48338K, capacity 49692K, committed 49792K, reserved 1091584K
  class space    used 6196K, capacity 6687K, committed 6784K, reserved 1048576K
}
Event: 41.386 GC heap before
{Heap before GC invocations=10 (full 0):
 garbage-first heap   total 129024K, used 97743K [0x0000000080000000, 0x0000000100000000)
  region size 1024K, 67 young (68608K), 6 survivors (6144K)
 Metaspace       used 53809K, capacity 55206K, committed 55296K, reserved 1097728K
  class space    used 6863K, capacity 7395K, committed 7424K, reserved 1048576K
}
Event: 41.402 GC heap after
{Heap after GC invocations=11 (full 0):
 garbage-first heap   total 129024K, used 45711K [0x0000000080000000, 0x0000000100000000)
  region size 1024K, 9 young (9216K), 9 survivors (9216K)
 Metaspace       used 53809K, capacity 55206K, committed 55296K, reserved 1097728K
  class space    used 6863K, capacity 7395K, committed 7424K, reserved 1048576K
}
Event: 42.910 GC heap before
{Heap before GC invocations=11 (full 0):
 garbage-first heap   total 129024K, used 76431K [0x0000000080000000, 0x0000000100000000)
  region size 1024K, 40 young (40960K), 9 survivors (9216K)
 Metaspace       used 58264K, capacity 59815K, committed 59948K, reserved 1101824K
  class space    used 7428K, capacity 8031K, committed 8064K, reserved 1048576K
}
Event: 42.933 GC heap after
{Heap after GC invocations=12 (full 0):
 garbage-first heap   total 129024K, used 47450K [0x0000000080000000, 0x0000000100000000)
  region size 1024K, 2 young (2048K), 2 survivors (2048K)
 Metaspace       used 58264K, capacity 59815K, committed 59948K, reserved 1101824K
  class space    used 7428K, capacity 8031K, committed 8064K, reserved 1048576K
}
Event: 45.650 GC heap before
{Heap before GC invocations=13 (full 0):
 garbage-first heap   total 129024K, used 90458K [0x0000000080000000, 0x0000000100000000)
  region size 1024K, 45 young (46080K), 2 survivors (2048K)
 Metaspace       used 63225K, capacity 64786K, committed 64888K, reserved 1105920K
  class space    used 8027K, capacity 8596K, committed 8652K, reserved 1048576K
}
Event: 45.658 GC heap after
{Heap after GC invocations=14 (full 0):
 garbage-first heap   total 129024K, used 51215K [0x0000000080000000, 0x0000000100000000)
  region size 1024K, 6 young (6144K), 6 survivors (6144K)
 Metaspace       used 63225K, capacity 64786K, committed 64888K, reserved 1105920K
  class space    used 8027K, capacity 8596K, committed 8652K, reserved 1048576K
}
Event: 47.325 GC heap before
{Heap before GC invocations=15 (full 0):
 garbage-first heap   total 129024K, used 94223K [0x0000000080000000, 0x0000000100000000)
  region size 1024K, 48 young (49152K), 6 survivors (6144K)
 Metaspace       used 65579K, capacity 67291K, committed 67576K, reserved 1107968K
  class space    used 8368K, capacity 8972K, committed 9036K, reserved 1048576K
}
Event: 47.336 GC heap after
{Heap after GC invocations=16 (full 0):
 garbage-first heap   total 129024K, used 54445K [0x0000000080000000, 0x0000000100000000)
  region size 1024K, 4 young (4096K), 4 survivors (4096K)
 Metaspace       used 65579K, capacity 67291K, committed 67576K, reserved 1107968K
  class space    used 8368K, capacity 8972K, committed 9036K, reserved 1048576K
}
Event: 48.516 GC heap before
{Heap before GC invocations=16 (full 0):
 garbage-first heap   total 129024K, used 97453K [0x0000000080000000, 0x0000000100000000)
  region size 1024K, 46 young (47104K), 4 survivors (4096K)
 Metaspace       used 66735K, capacity 68434K, committed 68728K, reserved 1110016K
  class space    used 8511K, capacity 9116K, committed 9164K, reserved 1048576K
}
Event: 48.525 GC heap after
{Heap after GC invocations=17 (full 0):
 garbage-first heap   total 129024K, used 57636K [0x0000000080000000, 0x0000000100000000)
  region size 1024K, 6 young (6144K), 6 survivors (6144K)
 Metaspace       used 66735K, capacity 68434K, committed 68728K, reserved 1110016K
  class space    used 8511K, capacity 9116K, committed 9164K, reserved 1048576K
}
Event: 54.936 GC heap before
{Heap before GC invocations=17 (full 0):
 garbage-first heap   total 129024K, used 86308K [0x0000000080000000, 0x0000000100000000)
  region size 1024K, 35 young (35840K), 6 survivors (6144K)
 Metaspace       used 70425K, capacity 72157K, committed 72312K, reserved 1122304K
  class space    used 9173K, capacity 9802K, committed 9932K, reserved 1048576K
}
Event: 55.021 GC heap after
{Heap after GC invocations=18 (full 0):
 garbage-first heap   total 129024K, used 59978K [0x0000000080000000, 0x0000000100000000)
  region size 1024K, 3 young (3072K), 3 survivors (3072K)
 Metaspace       used 70425K, capacity 72157K, committed 72312K, reserved 1122304K
  class space    used 9173K, capacity 9802K, committed 9932K, reserved 1048576K
}

