# JRE version: OpenJDK Runtime Environment (11.0.12+7) (build 11.0.12+7-b1504.28-7817840)
# Java VM: OpenJDK 64-Bit Server VM (11.0.12+7-b1504.28-7817840, mixed mode, tiered, compressed oops, g1 gc, windows-amd64)
Heap:
 garbage-first heap   total 187392K, used 88063K [0x0000000080000000, 0x0000000100000000)
  region size 1024K, 7 young (7168K), 7 survivors (7168K)
 Metaspace       used 84909K, capacity 87406K, committed 87560K, reserved 1124352K
  class space    used 11120K, capacity 12029K, committed 12112K, reserved 1048576K
GC Heap History (20 events):
Event: 18.071 GC heap after
{Heap after GC invocations=19 (full 0):
 garbage-first heap   total 129024K, used 58229K [0x0000000080000000, 0x0000000100000000)
  region size 1024K, 6 young (6144K), 6 survivors (6144K)
 Metaspace       used 65616K, capacity 67337K, committed 67592K, reserved 1107968K
  class space    used 8386K, capacity 9015K, committed 9040K, reserved 1048576K
}
Event: 18.981 GC heap before
{Heap before GC invocations=19 (full 0):
 garbage-first heap   total 129024K, used 98165K [0x0000000080000000, 0x0000000100000000)
  region size 1024K, 45 young (46080K), 6 survivors (6144K)
 Metaspace       used 70615K, capacity 72315K, committed 72584K, reserved 1112064K
  class space    used 9204K, capacity 9836K, committed 9936K, reserved 1048576K
}
Event: 18.990 GC heap after
{Heap after GC invocations=20 (full 0):
 garbage-first heap   total 129024K, used 60685K [0x0000000080000000, 0x0000000100000000)
  region size 1024K, 3 young (3072K), 3 survivors (3072K)
 Metaspace       used 70615K, capacity 72315K, committed 72584K, reserved 1112064K
  class space    used 9204K, capacity 9836K, committed 9936K, reserved 1048576K
}
Event: 19.310 GC heap before
{Heap before GC invocations=20 (full 0):
 garbage-first heap   total 129024K, used 100621K [0x0000000080000000, 0x0000000100000000)
  region size 1024K, 42 young (43008K), 3 survivors (3072K)
 Metaspace       used 71633K, capacity 73365K, committed 73480K, reserved 1112064K
  class space    used 9354K, capacity 9990K, committed 10064K, reserved 1048576K
}
Event: 19.316 GC heap after
{Heap after GC invocations=21 (full 0):
 garbage-first heap   total 129024K, used 63343K [0x0000000080000000, 0x0000000100000000)
  region size 1024K, 6 young (6144K), 6 survivors (6144K)
 Metaspace       used 71633K, capacity 73365K, committed 73480K, reserved 1112064K
  class space    used 9354K, capacity 9990K, committed 10064K, reserved 1048576K
}
Event: 20.137 GC heap before
{Heap before GC invocations=22 (full 0):
 garbage-first heap   total 129024K, used 102255K [0x0000000080000000, 0x0000000100000000)
  region size 1024K, 44 young (45056K), 6 survivors (6144K)
 Metaspace       used 74407K, capacity 76258K, committed 76424K, reserved 1116160K
  class space    used 9737K, capacity 10426K, committed 10448K, reserved 1048576K
}
Event: 20.148 GC heap after
{Heap after GC invocations=23 (full 0):
 garbage-first heap   total 129024K, used 66094K [0x0000000080000000, 0x0000000100000000)
  region size 1024K, 6 young (6144K), 6 survivors (6144K)
 Metaspace       used 74407K, capacity 76258K, committed 76424K, reserved 1116160K
  class space    used 9737K, capacity 10426K, committed 10448K, reserved 1048576K
}
Event: 20.954 GC heap before
{Heap before GC invocations=23 (full 0):
 garbage-first heap   total 129024K, used 103982K [0x0000000080000000, 0x0000000100000000)
  region size 1024K, 43 young (44032K), 6 survivors (6144K)
 Metaspace       used 78870K, capacity 80809K, committed 80904K, reserved 1120256K
  class space    used 10351K, capacity 11033K, committed 11088K, reserved 1048576K
}
Event: 20.967 GC heap after
{Heap after GC invocations=24 (full 0):
 garbage-first heap   total 129024K, used 68328K [0x0000000080000000, 0x0000000100000000)
  region size 1024K, 5 young (5120K), 5 survivors (5120K)
 Metaspace       used 78870K, capacity 80809K, committed 80904K, reserved 1120256K
  class space    used 10351K, capacity 11033K, committed 11088K, reserved 1048576K
}
Event: 22.031 GC heap before
{Heap before GC invocations=25 (full 0):
 garbage-first heap   total 129024K, used 105192K [0x0000000080000000, 0x0000000100000000)
  region size 1024K, 41 young (41984K), 5 survivors (5120K)
 Metaspace       used 81226K, capacity 83346K, committed 83592K, reserved 1122304K
  class space    used 10704K, capacity 11469K, committed 11472K, reserved 1048576K
}
Event: 22.042 GC heap after
{Heap after GC invocations=26 (full 0):
 garbage-first heap   total 129024K, used 71724K [0x0000000080000000, 0x0000000100000000)
  region size 1024K, 6 young (6144K), 6 survivors (6144K)
 Metaspace       used 81226K, capacity 83346K, committed 83592K, reserved 1122304K
  class space    used 10704K, capacity 11469K, committed 11472K, reserved 1048576K
}
Event: 22.432 GC heap before
{Heap before GC invocations=26 (full 0):
 garbage-first heap   total 129024K, used 105516K [0x0000000080000000, 0x0000000100000000)
  region size 1024K, 40 young (40960K), 6 survivors (6144K)
 Metaspace       used 82339K, capacity 84748K, committed 85000K, reserved 1122304K
  class space    used 10917K, capacity 11811K, committed 11856K, reserved 1048576K
}
Event: 22.445 GC heap after
{Heap after GC invocations=27 (full 0):
 garbage-first heap   total 155648K, used 74419K [0x0000000080000000, 0x0000000100000000)
  region size 1024K, 3 young (3072K), 3 survivors (3072K)
 Metaspace       used 82339K, capacity 84748K, committed 85000K, reserved 1122304K
  class space    used 10917K, capacity 11811K, committed 11856K, reserved 1048576K
}
Event: 23.209 GC heap before
{Heap before GC invocations=28 (full 0):
 garbage-first heap   total 155648K, used 119475K [0x0000000080000000, 0x0000000100000000)
  region size 1024K, 48 young (49152K), 3 survivors (3072K)
 Metaspace       used 82833K, capacity 85264K, committed 85640K, reserved 1122304K
  class space    used 10928K, capacity 11856K, committed 11984K, reserved 1048576K
}
Event: 23.219 GC heap after
{Heap after GC invocations=29 (full 0):
 garbage-first heap   total 155648K, used 77566K [0x0000000080000000, 0x0000000100000000)
  region size 1024K, 6 young (6144K), 6 survivors (6144K)
 Metaspace       used 82833K, capacity 85264K, committed 85640K, reserved 1122304K
  class space    used 10928K, capacity 11856K, committed 11984K, reserved 1048576K
}
Event: 23.820 GC heap before
{Heap before GC invocations=29 (full 0):
 garbage-first heap   total 155648K, used 121598K [0x0000000080000000, 0x0000000100000000)
  region size 1024K, 50 young (51200K), 6 survivors (6144K)
 Metaspace       used 83341K, capacity 85804K, committed 86152K, reserved 1124352K
  class space    used 10976K, capacity 11875K, committed 11984K, reserved 1048576K
}
Event: 23.834 GC heap after
{Heap after GC invocations=30 (full 0):
 garbage-first heap   total 155648K, used 80159K [0x0000000080000000, 0x0000000100000000)
  region size 1024K, 7 young (7168K), 7 survivors (7168K)
 Metaspace       used 83341K, capacity 85804K, committed 86152K, reserved 1124352K
  class space    used 10976K, capacity 11875K, committed 11984K, reserved 1048576K
}
Event: 24.485 GC heap before
{Heap before GC invocations=31 (full 0):
 garbage-first heap   total 155648K, used 123167K [0x0000000080000000, 0x0000000100000000)
  region size 1024K, 50 young (51200K), 7 survivors (7168K)
 Metaspace       used 83634K, capacity 86025K, committed 86152K, reserved 1124352K
  class space    used 10999K, capacity 11911K, committed 11984K, reserved 1048576K
}
Event: 24.496 GC heap after
{Heap after GC invocations=32 (full 0):
 garbage-first heap   total 155648K, used 83710K [0x0000000080000000, 0x0000000100000000)
  region size 1024K, 7 young (7168K), 7 survivors (7168K)
 Metaspace       used 83634K, capacity 86025K, committed 86152K, reserved 1124352K
  class space    used 10999K, capacity 11911K, committed 11984K, reserved 1048576K
}
Event: 24.927 GC heap before
{Heap before GC invocations=32 (full 0):
 garbage-first heap   total 155648K, used 125694K [0x0000000080000000, 0x0000000100000000)
  region size 1024K, 49 young (50176K), 7 survivors (7168K)
 Metaspace       used 84909K, capacity 87406K, committed 87560K, reserved 1124352K
  class space    used 11120K, capacity 12029K, committed 12112K, reserved 1048576K
}

