# JRE version: OpenJDK Runtime Environment (11.0.12+7) (build 11.0.12+7-b1504.28-7817840)
# Java VM: OpenJDK 64-Bit Server VM (11.0.12+7-b1504.28-7817840, mixed mode, tiered, compressed oops, g1 gc, windows-amd64)
Heap:
 garbage-first heap   total 129024K, used 90447K [0x0000000080000000, 0x0000000100000000)
  region size 1024K, 39 young (39936K), 4 survivors (4096K)
 Metaspace       used 66617K, capacity 68345K, committed 68472K, reserved 1107968K
  class space    used 8509K, capacity 9114K, committed 9164K, reserved 1048576K
GC Heap History (20 events):
Event: 20.952 GC heap before
{Heap before GC invocations=5 (full 0):
 garbage-first heap   total 129024K, used 77473K [0x0000000080000000, 0x0000000100000000)
  region size 1024K, 61 young (62464K), 4 survivors (4096K)
 Metaspace       used 32931K, capacity 33722K, committed 33920K, reserved 1079296K
  class space    used 4340K, capacity 4640K, committed 4736K, reserved 1048576K
}
Event: 20.959 GC heap after
{Heap after GC invocations=6 (full 0):
 garbage-first heap   total 129024K, used 21685K [0x0000000080000000, 0x0000000100000000)
  region size 1024K, 6 young (6144K), 6 survivors (6144K)
 Metaspace       used 32931K, capacity 33722K, committed 33920K, reserved 1079296K
  class space    used 4340K, capacity 4640K, committed 4736K, reserved 1048576K
}
Event: 21.790 GC heap before
{Heap before GC invocations=6 (full 0):
 garbage-first heap   total 129024K, used 23733K [0x0000000080000000, 0x0000000100000000)
  region size 1024K, 9 young (9216K), 6 survivors (6144K)
 Metaspace       used 34939K, capacity 35724K, committed 35840K, reserved 1081344K
  class space    used 4534K, capacity 4839K, committed 4864K, reserved 1048576K
}
Event: 21.802 GC heap after
{Heap after GC invocations=7 (full 0):
 garbage-first heap   total 129024K, used 22571K [0x0000000080000000, 0x0000000100000000)
  region size 1024K, 6 young (6144K), 6 survivors (6144K)
 Metaspace       used 34939K, capacity 35724K, committed 35840K, reserved 1081344K
  class space    used 4534K, capacity 4839K, committed 4864K, reserved 1048576K
}
Event: 24.251 GC heap before
{Heap before GC invocations=8 (full 0):
 garbage-first heap   total 129024K, used 72747K [0x0000000080000000, 0x0000000100000000)
  region size 1024K, 53 young (54272K), 6 survivors (6144K)
 Metaspace       used 39360K, capacity 40282K, committed 40448K, reserved 1085440K
  class space    used 5025K, capacity 5354K, committed 5376K, reserved 1048576K
}
Event: 24.263 GC heap after
{Heap after GC invocations=9 (full 0):
 garbage-first heap   total 129024K, used 26581K [0x0000000080000000, 0x0000000100000000)
  region size 1024K, 7 young (7168K), 7 survivors (7168K)
 Metaspace       used 39360K, capacity 40282K, committed 40448K, reserved 1085440K
  class space    used 5025K, capacity 5354K, committed 5376K, reserved 1048576K
}
Event: 25.332 GC heap before
{Heap before GC invocations=9 (full 0):
 garbage-first heap   total 129024K, used 76757K [0x0000000080000000, 0x0000000100000000)
  region size 1024K, 56 young (57344K), 7 survivors (7168K)
 Metaspace       used 42851K, capacity 43926K, committed 44160K, reserved 1087488K
  class space    used 5544K, capacity 5963K, committed 6016K, reserved 1048576K
}
Event: 25.342 GC heap after
{Heap after GC invocations=10 (full 0):
 garbage-first heap   total 129024K, used 29543K [0x0000000080000000, 0x0000000100000000)
  region size 1024K, 3 young (3072K), 3 survivors (3072K)
 Metaspace       used 42851K, capacity 43926K, committed 44160K, reserved 1087488K
  class space    used 5544K, capacity 5963K, committed 6016K, reserved 1048576K
}
Event: 26.126 GC heap before
{Heap before GC invocations=10 (full 0):
 garbage-first heap   total 129024K, used 82791K [0x0000000080000000, 0x0000000100000000)
  region size 1024K, 54 young (55296K), 3 survivors (3072K)
 Metaspace       used 47073K, capacity 48328K, committed 48512K, reserved 1091584K
  class space    used 6077K, capacity 6493K, committed 6528K, reserved 1048576K
}
Event: 26.131 GC heap after
{Heap after GC invocations=11 (full 0):
 garbage-first heap   total 129024K, used 30918K [0x0000000080000000, 0x0000000100000000)
  region size 1024K, 5 young (5120K), 5 survivors (5120K)
 Metaspace       used 47073K, capacity 48328K, committed 48512K, reserved 1091584K
  class space    used 6077K, capacity 6493K, committed 6528K, reserved 1048576K
}
Event: 27.570 GC heap before
{Heap before GC invocations=11 (full 0):
 garbage-first heap   total 129024K, used 87238K [0x0000000080000000, 0x0000000100000000)
  region size 1024K, 57 young (58368K), 5 survivors (5120K)
 Metaspace       used 48747K, capacity 50062K, committed 50304K, reserved 1093632K
  class space    used 6251K, capacity 6745K, committed 6784K, reserved 1048576K
}
Event: 27.580 GC heap after
{Heap after GC invocations=12 (full 0):
 garbage-first heap   total 129024K, used 44529K [0x0000000080000000, 0x0000000100000000)
  region size 1024K, 8 young (8192K), 8 survivors (8192K)
 Metaspace       used 48747K, capacity 50062K, committed 50304K, reserved 1093632K
  class space    used 6251K, capacity 6745K, committed 6784K, reserved 1048576K
}
Event: 28.571 GC heap before
{Heap before GC invocations=12 (full 0):
 garbage-first heap   total 129024K, used 91633K [0x0000000080000000, 0x0000000100000000)
  region size 1024K, 54 young (55296K), 8 survivors (8192K)
 Metaspace       used 54689K, capacity 56165K, committed 56192K, reserved 1097728K
  class space    used 7025K, capacity 7551K, committed 7552K, reserved 1048576K
}
Event: 28.581 GC heap after
{Heap after GC invocations=13 (full 0):
 garbage-first heap   total 129024K, used 47284K [0x0000000080000000, 0x0000000100000000)
  region size 1024K, 3 young (3072K), 3 survivors (3072K)
 Metaspace       used 54689K, capacity 56165K, committed 56192K, reserved 1097728K
  class space    used 7025K, capacity 7551K, committed 7552K, reserved 1048576K
}
Event: 29.042 GC heap before
{Heap before GC invocations=13 (full 0):
 garbage-first heap   total 129024K, used 71860K [0x0000000080000000, 0x0000000100000000)
  region size 1024K, 28 young (28672K), 3 survivors (3072K)
 Metaspace       used 58301K, capacity 59840K, committed 59948K, reserved 1101824K
  class space    used 7451K, capacity 8046K, committed 8064K, reserved 1048576K
}
Event: 29.051 GC heap after
{Heap after GC invocations=14 (full 0):
 garbage-first heap   total 129024K, used 48000K [0x0000000080000000, 0x0000000100000000)
  region size 1024K, 3 young (3072K), 3 survivors (3072K)
 Metaspace       used 58301K, capacity 59840K, committed 59948K, reserved 1101824K
  class space    used 7451K, capacity 8046K, committed 8064K, reserved 1048576K
}
Event: 30.172 GC heap before
{Heap before GC invocations=15 (full 0):
 garbage-first heap   total 129024K, used 95104K [0x0000000080000000, 0x0000000100000000)
  region size 1024K, 50 young (51200K), 3 survivors (3072K)
 Metaspace       used 63321K, capacity 64979K, committed 65144K, reserved 1105920K
  class space    used 8049K, capacity 8623K, committed 8652K, reserved 1048576K
}
Event: 30.186 GC heap after
{Heap after GC invocations=16 (full 0):
 garbage-first heap   total 129024K, used 52101K [0x0000000080000000, 0x0000000100000000)
  region size 1024K, 7 young (7168K), 7 survivors (7168K)
 Metaspace       used 63321K, capacity 64979K, committed 65144K, reserved 1105920K
  class space    used 8049K, capacity 8623K, committed 8652K, reserved 1048576K
}
Event: 30.898 GC heap before
{Heap before GC invocations=17 (full 0):
 garbage-first heap   total 129024K, used 99205K [0x0000000080000000, 0x0000000100000000)
  region size 1024K, 52 young (53248K), 7 survivors (7168K)
 Metaspace       used 65497K, capacity 67172K, committed 67320K, reserved 1107968K
  class space    used 8374K, capacity 8980K, committed 9036K, reserved 1048576K
}
Event: 30.910 GC heap after
{Heap after GC invocations=18 (full 0):
 garbage-first heap   total 129024K, used 55631K [0x0000000080000000, 0x0000000100000000)
  region size 1024K, 4 young (4096K), 4 survivors (4096K)
 Metaspace       used 65497K, capacity 67172K, committed 67320K, reserved 1107968K
  class space    used 8374K, capacity 8980K, committed 9036K, reserved 1048576K
}

